1617542553572	geckodriver	INFO	Listening on 127.0.0.1:53117
1617542553579	mozrunner::runner	INFO	Running command: "/usr/bin/firefox" "--marionette" "-foreground" "-no-remote" "-profile" "/tmp/rust_mozprofile54yg0e"
console.warn: SearchSettings: "get: No settings file exists, new profile?" (new Error("", "(unknown module)"))
1617542557257	Marionette	INFO	Listening on port 41505
1617542557330	Marionette	WARN	TLS certificate errors will be ignored for this session
1617542567487	Marionette	WARN	Ignoring event 'DOMContentLoaded' because document has an invalid readyState of 'complete'.
1617542628653	Marionette	INFO	Stopped listening on port 41505

###!!! [Parent][RunMessage] Error: Channel closing: too late to send/recv, messages will be lost

1617542668436	geckodriver	INFO	Listening on 127.0.0.1:36341
1617542669441	mozrunner::runner	INFO	Running command: "/usr/bin/firefox" "--marionette" "-foreground" "-no-remote" "-profile" "/tmp/rust_mozprofile3BGIWu"
console.warn: SearchSettings: "get: No settings file exists, new profile?" (new Error("", "(unknown module)"))
1617542673106	Marionette	INFO	Listening on port 46763
1617542673196	Marionette	WARN	TLS certificate errors will be ignored for this session
1617542682988	Marionette	WARN	Ignoring event 'DOMContentLoaded' because document has an invalid readyState of 'complete'.
1617542716488	geckodriver	INFO	Listening on 127.0.0.1:57533
1617542716495	mozrunner::runner	INFO	Running command: "/usr/bin/firefox" "--marionette" "-foreground" "-no-remote" "-profile" "/tmp/rust_mozprofileIYdwks"
Exiting due to channel error.

###!!! [Child][RunMessage] Error: Channel closing: too late to send/recv, messages will be lost

1617542722083	Marionette	INFO	Stopped listening on port 46763

###!!! [Parent][RunMessage] Error: Channel closing: too late to send/recv, messages will be lost

1617542739318	geckodriver	INFO	Listening on 127.0.0.1:43563
1617542739325	mozrunner::runner	INFO	Running command: "/usr/bin/firefox" "--marionette" "-foreground" "-no-remote" "-profile" "/tmp/rust_mozprofileUq8CSA"
console.warn: SearchSettings: "get: No settings file exists, new profile?" (new Error("", "(unknown module)"))
1617542743016	Marionette	INFO	Listening on port 33871
1617542743085	Marionette	WARN	TLS certificate errors will be ignored for this session
1617542752204	Marionette	WARN	Ignoring event 'DOMContentLoaded' because document has an invalid readyState of 'complete'.
JavaScript error: https://s.srvmath.com/2/1.25.0/main.js?o=1, line 1: TypeError: e is null

###!!! [Child][RunMessage] Error: Channel closing: too late to send/recv, messages will be lost

1617542798746	Marionette	INFO	Stopped listening on port 33871
1617623165340	geckodriver	INFO	Listening on 127.0.0.1:44281
1617623166343	mozrunner::runner	INFO	Running command: "/usr/bin/firefox" "--marionette" "-foreground" "-no-remote" "-profile" "/tmp/rust_mozprofiler9Rfw6"
console.warn: SearchSettings: "get: No settings file exists, new profile?" (new Error("", "(unknown module)"))
1617623170710	Marionette	INFO	Listening on port 36423
1617623170799	Marionette	WARN	TLS certificate errors will be ignored for this session
JavaScript error: resource://gre/modules/AsyncShutdown.jsm, line 573: NotFoundError: No such JSWindowActor 'MarionetteEvents'
JavaScript error: resource://gre/modules/AsyncShutdown.jsm, line 573: NotFoundError: No such JSWindowActor 'MarionetteEvents'
JavaScript error: resource://gre/modules/AsyncShutdown.jsm, line 573: NotFoundError: No such JSWindowActor 'MarionetteEvents'
IPDL protocol error: Handler returned error code!

###!!! [Parent][DispatchAsyncMessage] Error: PLayerTransaction::Msg_ReleaseLayer Processing error: message was deserialized, but the handler returned false (indicating failure)

IPDL protocol error: Handler returned error code!

###!!! [Parent][DispatchAsyncMessage] Error: PLayerTransaction::Msg_ReleaseLayer Processing error: message was deserialized, but the handler returned false (indicating failure)

IPDL protocol error: Handler returned error code!

###!!! [Parent][DispatchAsyncMessage] Error: PLayerTransaction::Msg_ReleaseLayer Processing error: message was deserialized, but the handler returned false (indicating failure)

IPDL protocol error: Handler returned error code!

###!!! [Parent][DispatchAsyncMessage] Error: PLayerTransaction::Msg_ReleaseLayer Processing error: message was deserialized, but the handler returned false (indicating failure)

JavaScript error: resource://gre/modules/Sqlite.jsm, line 1030: Error: Sqlite.jsm has been shutdown. Cannot open connection to: /tmp/rust_mozprofiler9Rfw6/protections.sqlite
1617623181453	Marionette	INFO	Stopped listening on port 36423
1617623192398	geckodriver	INFO	Listening on 127.0.0.1:42477
1617623192404	mozrunner::runner	INFO	Running command: "/usr/bin/firefox" "--marionette" "-foreground" "-no-remote" "-profile" "/tmp/rust_mozprofileTDiZHj"
console.warn: SearchSettings: "get: No settings file exists, new profile?" (new Error("", "(unknown module)"))
1617623196648	Marionette	INFO	Listening on port 35519
1617623196776	Marionette	WARN	TLS certificate errors will be ignored for this session
